<?xml version="1.0" encoding="UTF-8"?>
<testng-results total="0" passed="0" failed="0" skipped="0">
  <reporter-output>
  </reporter-output>
  <suite started-at="2020-08-06T06:40:59Z" name="Harvestmark Suite" finished-at="2020-08-06T06:42:25Z" duration-ms="85352">
    <groups>
    </groups>
    <test started-at="2020-08-06T06:40:59Z" name="Harvestmark Automation Test" finished-at="2020-08-06T06:42:25Z" duration-ms="85352">
    </test> <!-- Harvestmark Automation Test -->
  </suite> <!-- Harvestmark Suite -->
</testng-results>
