<?xml version="1.0" encoding="UTF-8"?>
<testng-results skipped="0" failed="0" total="1" passed="1">
  <reporter-output>
  </reporter-output>
  <suite name="Default suite" duration-ms="41806" started-at="2021-01-12T17:34:28Z" finished-at="2021-01-12T17:35:10Z">
    <groups>
      <group name="cucumber">
        <method signature="AbstractTestNGCucumberTests.feature(cucumber.api.testng.CucumberFeatureWrapper)[pri:0, instance:iFood_Web_Automation.runner.MainRunner@1460a8c0]" name="feature" class="cucumber.api.testng.AbstractTestNGCucumberTests"/>
      </group> <!-- cucumber -->
    </groups>
    <test name="Default test" duration-ms="41806" started-at="2021-01-12T17:34:28Z" finished-at="2021-01-12T17:35:10Z">
      <class name="iFood_Web_Automation.runner.MainRunner">
        <test-method status="PASS" signature="setUpClass()[pri:0, instance:iFood_Web_Automation.runner.MainRunner@1460a8c0]" name="setUpClass" is-config="true" duration-ms="145" started-at="2021-01-12T09:34:28Z" finished-at="2021-01-12T09:34:28Z">
          <reporter-output>
          </reporter-output>
        </test-method> <!-- setUpClass -->
        <test-method status="PASS" signature="feature(cucumber.api.testng.CucumberFeatureWrapper)[pri:0, instance:iFood_Web_Automation.runner.MainRunner@1460a8c0]" name="feature" duration-ms="41319" started-at="2021-01-12T09:34:28Z" description="Runs Cucumber Feature" data-provider="features" finished-at="2021-01-12T09:35:10Z">
          <params>
            <param index="0">
              <value>
                <![CDATA[New Tab Automation Feature - English]]>
              </value>
            </param>
          </params>
          <reporter-output>
          </reporter-output>
        </test-method> <!-- feature -->
        <test-method status="PASS" signature="tearDownClass()[pri:0, instance:iFood_Web_Automation.runner.MainRunner@1460a8c0]" name="tearDownClass" is-config="true" duration-ms="271" started-at="2021-01-12T09:35:10Z" finished-at="2021-01-12T09:35:10Z">
          <reporter-output>
          </reporter-output>
        </test-method> <!-- tearDownClass -->
      </class> <!-- iFood_Web_Automation.runner.MainRunner -->
    </test> <!-- Default test -->
  </suite> <!-- Default suite -->
</testng-results>
